c:\users\tpqms\desktop\project1\project1\debug\vc142.pdb
c:\users\tpqms\desktop\project1\project1\debug\vc142.idb
c:\users\tpqms\desktop\project1\project1\debug\project1.nativecodeanalysis.sarif
c:\users\tpqms\desktop\project1\project1\debug\project1.nativecodeanalysis.xml
c:\users\tpqms\desktop\project1\project1\debug\librarymember.nativecodeanalysis.sarif
c:\users\tpqms\desktop\project1\project1\debug\librarymember.nativecodeanalysis.xml
c:\users\tpqms\desktop\project1\project1\debug\librarymanager.nativecodeanalysis.sarif
c:\users\tpqms\desktop\project1\project1\debug\librarymanager.nativecodeanalysis.xml
c:\users\tpqms\desktop\project1\project1\debug\libaraybook.nativecodeanalysis.sarif
c:\users\tpqms\desktop\project1\project1\debug\libaraybook.nativecodeanalysis.xml
c:\users\tpqms\desktop\project1\project1\debug\libaraybook.obj
c:\users\tpqms\desktop\project1\project1\debug\librarymanager.obj
c:\users\tpqms\desktop\project1\project1\debug\librarymember.obj
c:\users\tpqms\desktop\project1\project1\debug\project1.obj
c:\users\tpqms\desktop\project1\debug\project1.pdb
c:\users\tpqms\desktop\project1\project1\debug\project1.tlog\cl.command.1.tlog
c:\users\tpqms\desktop\project1\project1\debug\project1.tlog\cl.read.1.tlog
c:\users\tpqms\desktop\project1\project1\debug\project1.tlog\cl.write.1.tlog
c:\users\tpqms\desktop\project1\project1\debug\project1.tlog\link-cvtres.read.1.tlog
c:\users\tpqms\desktop\project1\project1\debug\project1.tlog\link-cvtres.write.1.tlog
c:\users\tpqms\desktop\project1\project1\debug\project1.tlog\link-rc.read.1.tlog
c:\users\tpqms\desktop\project1\project1\debug\project1.tlog\link-rc.write.1.tlog
c:\users\tpqms\desktop\project1\project1\debug\project1.tlog\link.command.1.tlog
c:\users\tpqms\desktop\project1\project1\debug\project1.tlog\link.read.1.tlog
c:\users\tpqms\desktop\project1\project1\debug\project1.tlog\link.write.1.tlog
